Started 
Heap handle: 00390000
start process 
Debug active process 00000538
event 00004E0C
Redirection file :> C60EE.RED
CREATE_PROCESS_DEBUG_EVENT  ! No image name found
g.debug_name 
BaseOfImage                00400000
CREATE_PROCESS_DEBUG_EVENT: process main thread tid=0000152C
thread handle=00004FA4
CREATE_THREAD_DEBUG_EVENT: tid=0000172C
thread handle=00004EE4
CREATE_THREAD_DEBUG_EVENT: tid=00000778
thread handle=00004EE0
CREATE_THREAD_DEBUG_EVENT: tid=00000700
thread handle=00004EDC
CREATE_THREAD_DEBUG_EVENT: tid=0000011C
thread handle=00004ED8
CREATE_THREAD_DEBUG_EVENT: tid=000007DC
thread handle=00004ED4
CREATE_THREAD_DEBUG_EVENT: tid=000015D8
thread handle=00004ED0
CREATE_THREAD_DEBUG_EVENT: tid=00001188
thread handle=00004ECC
CREATE_THREAD_DEBUG_EVENT: tid=00001074
thread handle=00004EC8
CREATE_THREAD_DEBUG_EVENT: tid=000016F4
thread handle=00004EC4
CREATE_THREAD_DEBUG_EVENT: tid=00000CEC
thread handle=00004EC0
CREATE_THREAD_DEBUG_EVENT: tid=000007BC
thread handle=00004EBC
CREATE_THREAD_DEBUG_EVENT: tid=00001060
thread handle=00004EB8
CREATE_THREAD_DEBUG_EVENT: tid=00000FC0
thread handle=00004EB4
CREATE_THREAD_DEBUG_EVENT: tid=000013C0
thread handle=00004EB0
ntdll.dll Loaded at: 7C910000
No debug information
